<?xml version="1.0" encoding="UTF-8"?>
<!-- Generated by org.testng.reporters.JUnitXMLReporter -->
<testsuite ignored="1" hostname="ruchisharma01" failures="0" tests="3" name="Test" time="0.026" errors="0" timestamp="15 Apr 2023 07:09:20 GMT">
  <testcase classname="TestCases.CreditCardTest" name="test4" time="0.004"/>
  <testcase classname="TestCases.CarLoanTest" name="test3" time="0.001"/>
  <testcase classname="TestCases.HomeLoanTest" name="test2" time="0.001"/>
  <testcase classname="TestCases.HomeLoanTest" name="test1" time="0.0">
    <ignored/>
  </testcase> <!-- test1 -->
</testsuite> <!-- Test -->
