<?xml version="1.0" encoding="UTF-8"?>
<testng-results ignored="4" total="5" passed="1" failed="0" skipped="0">
  <reporter-output>
  </reporter-output>
  <suite started-at="2023-04-16T04:29:32Z" name="Sanity" finished-at="2023-04-16T04:29:32Z" duration-ms="25">
    <groups>
      <group name="regression">
        <method signature="HomeLoanTest.test2()[pri:0, instance:TestCases.HomeLoanTest@21129f1f]" name="test2" class="TestCases.HomeLoanTest"/>
      </group> <!-- regression -->
      <group name="sanity">
        <method signature="HomeLoanTest.test2()[pri:0, instance:TestCases.HomeLoanTest@21129f1f]" name="test2" class="TestCases.HomeLoanTest"/>
      </group> <!-- sanity -->
    </groups>
    <test started-at="2023-04-16T04:29:32Z" name="Test" finished-at="2023-04-16T04:29:32Z" duration-ms="25">
      <class name="TestCases.HomeLoanTest">
        <test-method signature="test2()[pri:0, instance:TestCases.HomeLoanTest@21129f1f]" started-at="2023-04-16T04:29:32Z" name="test2" finished-at="2023-04-16T04:29:32Z" duration-ms="4" status="PASS">
          <reporter-output>
          </reporter-output>
        </test-method> <!-- test2 -->
        <test-method is-config="true" signature="method1()[pri:0, instance:TestCases.HomeLoanTest@21129f1f]" started-at="2023-04-16T04:29:32Z" name="method1" finished-at="2023-04-16T04:29:32Z" duration-ms="0" status="PASS">
          <reporter-output>
          </reporter-output>
        </test-method> <!-- method1 -->
        <test-method is-config="true" signature="method2()[pri:0, instance:TestCases.HomeLoanTest@21129f1f]" started-at="2023-04-16T04:29:32Z" name="method2" finished-at="2023-04-16T04:29:32Z" duration-ms="1" status="PASS">
          <reporter-output>
          </reporter-output>
        </test-method> <!-- method2 -->
      </class> <!-- TestCases.HomeLoanTest -->
      <class name="TestCases.CreditCardTest">
        <test-method is-config="true" signature="method3()[pri:0, instance:TestCases.CreditCardTest@4278284b]" started-at="2023-04-16T04:29:32Z" name="method3" finished-at="2023-04-16T04:29:32Z" duration-ms="7" status="PASS">
          <reporter-output>
          </reporter-output>
        </test-method> <!-- method3 -->
      </class> <!-- TestCases.CreditCardTest -->
    </test> <!-- Test -->
  </suite> <!-- Sanity -->
</testng-results>
